<?xml version="1.0" encoding="UTF-8"?>
<testng-results skipped="0" failed="1" ignored="0" total="1" passed="0">
  <reporter-output>
  </reporter-output>
  <suite name="Default suite" duration-ms="9262" started-at="2017-12-14T03:58:13Z" finished-at="2017-12-14T03:58:22Z">
    <groups>
    </groups>
    <test name="Default test" duration-ms="9262" started-at="2017-12-14T03:58:13Z" finished-at="2017-12-14T03:58:22Z">
      <class name="Examples.ExceptionHandling">
        <test-method status="PASS" signature="initialize()[pri:0, instance:Examples.ExceptionHandling@2a556333]" name="initialize" is-config="true" duration-ms="6333" started-at="2017-12-14T10:58:13Z" finished-at="2017-12-14T10:58:19Z">
          <reporter-output>
          </reporter-output>
        </test-method> <!-- initialize -->
        <test-method status="FAIL" signature="login()[pri:0, instance:Examples.ExceptionHandling@2a556333]" name="login" duration-ms="2260" started-at="2017-12-14T10:58:19Z" finished-at="2017-12-14T10:58:22Z">
          <exception class="org.openqa.selenium.InvalidSelectorException">
            <message>
              <![CDATA[Given css selector expression ".dropdown > li:th-child(2) > a:nth-child(1)" is invalid: InvalidSelectorError: '.dropdown > li:th-child(2) > a:nth-child(1)' is not a valid selector: ".dropdown > li:th-child(2) > a:nth-child(1)"For documentation on this error, please visit: http://seleniumhq.org/exceptions/invalid_selector_exception.htmlBuild info: version: '3.7.1', revision: '8a0099a', time: '2017-11-06T21:07:36.161Z'System info: host: 'LANANH', ip: '192.168.217.2', os.name: 'Windows 10', os.arch: 'amd64', os.version: '10.0', java.version: '1.8.0_151'Driver info: org.openqa.selenium.firefox.FirefoxDriverCapabilities {acceptInsecureCerts: true, browserName: firefox, browserVersion: 58.0, javascriptEnabled: true, moz:accessibilityChecks: false, moz:headless: false, moz:processID: 9160, moz:profile: C:\Users\TTT\AppData\Local\..., moz:webdriverClick: true, pageLoadStrategy: normal, platform: XP, platformName: XP, platformVersion: 10.0, rotatable: false, timeouts: {implicit: 0, pageLoad: 300000, script: 30000}}Session ID: aea57e8f-44c6-460d-8be7-5c415728e06c*** Element info: {Using=css selector, value=.dropdown > li:th-child(2) > a:nth-child(1)}]]>
            </message>
            <full-stacktrace>
              <![CDATA[org.openqa.selenium.InvalidSelectorException: Given css selector expression ".dropdown > li:th-child(2) > a:nth-child(1)" is invalid: InvalidSelectorError: '.dropdown > li:th-child(2) > a:nth-child(1)' is not a valid selector: ".dropdown > li:th-child(2) > a:nth-child(1)"For documentation on this error, please visit: http://seleniumhq.org/exceptions/invalid_selector_exception.htmlBuild info: version: '3.7.1', revision: '8a0099a', time: '2017-11-06T21:07:36.161Z'System info: host: 'LANANH', ip: '192.168.217.2', os.name: 'Windows 10', os.arch: 'amd64', os.version: '10.0', java.version: '1.8.0_151'Driver info: org.openqa.selenium.firefox.FirefoxDriverCapabilities {acceptInsecureCerts: true, browserName: firefox, browserVersion: 58.0, javascriptEnabled: true, moz:accessibilityChecks: false, moz:headless: false, moz:processID: 9160, moz:profile: C:\Users\TTT\AppData\Local\..., moz:webdriverClick: true, pageLoadStrategy: normal, platform: XP, platformName: XP, platformVersion: 10.0, rotatable: false, timeouts: {implicit: 0, pageLoad: 300000, script: 30000}}Session ID: aea57e8f-44c6-460d-8be7-5c415728e06c*** Element info: {Using=css selector, value=.dropdown > li:th-child(2) > a:nth-child(1)}at sun.reflect.NativeConstructorAccessorImpl.newInstance0(Native Method)at sun.reflect.NativeConstructorAccessorImpl.newInstance(Unknown Source)at sun.reflect.DelegatingConstructorAccessorImpl.newInstance(Unknown Source)at java.lang.reflect.Constructor.newInstance(Unknown Source)at org.openqa.selenium.remote.http.W3CHttpResponseCodec.createException(W3CHttpResponseCodec.java:187)at org.openqa.selenium.remote.http.W3CHttpResponseCodec.decode(W3CHttpResponseCodec.java:122)at org.openqa.selenium.remote.http.W3CHttpResponseCodec.decode(W3CHttpResponseCodec.java:49)at org.openqa.selenium.remote.HttpCommandExecutor.execute(HttpCommandExecutor.java:164)at org.openqa.selenium.remote.service.DriverCommandExecutor.execute(DriverCommandExecutor.java:83)at org.openqa.selenium.remote.RemoteWebDriver.execute(RemoteWebDriver.java:600)at org.openqa.selenium.remote.RemoteWebDriver.findElement(RemoteWebDriver.java:370)at org.openqa.selenium.remote.RemoteWebDriver.findElementByCssSelector(RemoteWebDriver.java:464)at org.openqa.selenium.By$ByCssSelector.findElement(By.java:430)at org.openqa.selenium.remote.RemoteWebDriver.findElement(RemoteWebDriver.java:362)at Examples.ExceptionHandling.login(ExceptionHandling.java:44)at sun.reflect.NativeMethodAccessorImpl.invoke0(Native Method)at sun.reflect.NativeMethodAccessorImpl.invoke(Unknown Source)at sun.reflect.DelegatingMethodAccessorImpl.invoke(Unknown Source)at java.lang.reflect.Method.invoke(Unknown Source)at org.testng.internal.MethodInvocationHelper.invokeMethod(MethodInvocationHelper.java:124)at org.testng.internal.Invoker.invokeMethod(Invoker.java:571)at org.testng.internal.Invoker.invokeTestMethod(Invoker.java:707)at org.testng.internal.Invoker.invokeTestMethods(Invoker.java:979)at org.testng.internal.TestMethodWorker.invokeTestMethods(TestMethodWorker.java:125)at org.testng.internal.TestMethodWorker.run(TestMethodWorker.java:109)at org.testng.TestRunner.privateRun(TestRunner.java:648)at org.testng.TestRunner.run(TestRunner.java:505)at org.testng.SuiteRunner.runTest(SuiteRunner.java:455)at org.testng.SuiteRunner.runSequentially(SuiteRunner.java:450)at org.testng.SuiteRunner.privateRun(SuiteRunner.java:415)at org.testng.SuiteRunner.run(SuiteRunner.java:364)at org.testng.SuiteRunnerWorker.runSuite(SuiteRunnerWorker.java:52)at org.testng.SuiteRunnerWorker.run(SuiteRunnerWorker.java:84)at org.testng.TestNG.runSuitesSequentially(TestNG.java:1187)at org.testng.TestNG.runSuitesLocally(TestNG.java:1116)at org.testng.TestNG.runSuites(TestNG.java:1028)at org.testng.TestNG.run(TestNG.java:996)at org.testng.remote.AbstractRemoteTestNG.run(AbstractRemoteTestNG.java:114)at org.testng.remote.RemoteTestNG.initAndRun(RemoteTestNG.java:251)at org.testng.remote.RemoteTestNG.main(RemoteTestNG.java:77)]]>
            </full-stacktrace>
          </exception> <!-- org.openqa.selenium.InvalidSelectorException -->
          <reporter-output>
          </reporter-output>
        </test-method> <!-- login -->
        <test-method status="PASS" signature="teardown()[pri:0, instance:Examples.ExceptionHandling@2a556333]" name="teardown" is-config="true" duration-ms="630" started-at="2017-12-14T10:58:22Z" finished-at="2017-12-14T10:58:22Z">
          <reporter-output>
          </reporter-output>
        </test-method> <!-- teardown -->
      </class> <!-- Examples.ExceptionHandling -->
    </test> <!-- Default test -->
  </suite> <!-- Default suite -->
</testng-results>
